{"/home/timegorov/codefellows/code401/basic-api-server/src/server.js": {"path":"/home/timegorov/codefellows/code401/basic-api-server/src/server.js","statementMap":{"0":{"start":{"line":3,"column":16},"end":{"line":3,"column":34}},"1":{"start":{"line":4,"column":13},"end":{"line":4,"column":28}},"2":{"start":{"line":5,"column":18},"end":{"line":5,"column":44}},"3":{"start":{"line":7,"column":12},"end":{"line":7,"column":21}},"4":{"start":{"line":9,"column":0},"end":{"line":9,"column":16}},"5":{"start":{"line":10,"column":0},"end":{"line":10,"column":24}},"6":{"start":{"line":12,"column":0},"end":{"line":12,"column":19}},"7":{"start":{"line":14,"column":0},"end":{"line":19,"column":1}},"8":{"start":{"line":17,"column":4},"end":{"line":17,"column":65}},"9":{"start":{"line":17,"column":27},"end":{"line":17,"column":63}}},"fnMap":{"0":{"name":"(anonymous_0)","decl":{"start":{"line":16,"column":9},"end":{"line":16,"column":10}},"loc":{"start":{"line":16,"column":19},"end":{"line":18,"column":3}},"line":16},"1":{"name":"(anonymous_1)","decl":{"start":{"line":17,"column":21},"end":{"line":17,"column":22}},"loc":{"start":{"line":17,"column":27},"end":{"line":17,"column":63}},"line":17}},"branchMap":{},"s":{"0":1,"1":1,"2":1,"3":1,"4":1,"5":1,"6":1,"7":1,"8":0,"9":0},"f":{"0":0,"1":0},"b":{},"_coverageSchema":"1a1c01bbd47fc00a2c39e90264f33305004495a9","hash":"bfa5af95dd9ce781cf382e5b6fdffadf8e79e774"}
,"/home/timegorov/codefellows/code401/basic-api-server/src/models/car.js": {"path":"/home/timegorov/codefellows/code401/basic-api-server/src/models/car.js","statementMap":{"0":{"start":{"line":3,"column":17},"end":{"line":14,"column":1}},"1":{"start":{"line":4,"column":2},"end":{"line":13,"column":5}},"2":{"start":{"line":16,"column":0},"end":{"line":16,"column":26}}},"fnMap":{"0":{"name":"(anonymous_0)","decl":{"start":{"line":3,"column":17},"end":{"line":3,"column":18}},"loc":{"start":{"line":3,"column":43},"end":{"line":14,"column":1}},"line":3}},"branchMap":{},"s":{"0":1,"1":1,"2":1},"f":{"0":1},"b":{},"_coverageSchema":"1a1c01bbd47fc00a2c39e90264f33305004495a9","hash":"2ff179ef79e1fb1b8e5a9012989136ed68776601"}
,"/home/timegorov/codefellows/code401/basic-api-server/src/models/index.js": {"path":"/home/timegorov/codefellows/code401/basic-api-server/src/models/index.js","statementMap":{"0":{"start":{"line":3,"column":0},"end":{"line":3,"column":27}},"1":{"start":{"line":5,"column":21},"end":{"line":5,"column":65}},"2":{"start":{"line":7,"column":33},"end":{"line":7,"column":53}},"3":{"start":{"line":8,"column":17},"end":{"line":8,"column":36}},"4":{"start":{"line":16,"column":16},"end":{"line":23,"column":2}},"5":{"start":{"line":25,"column":12},"end":{"line":25,"column":42}},"6":{"start":{"line":27,"column":0},"end":{"line":30,"column":1}}},"fnMap":{},"branchMap":{"0":{"loc":{"start":{"line":5,"column":21},"end":{"line":5,"column":65}},"type":"binary-expr","locations":[{"start":{"line":5,"column":21},"end":{"line":5,"column":45}},{"start":{"line":5,"column":49},"end":{"line":5,"column":65}}],"line":5}},"s":{"0":1,"1":1,"2":1,"3":1,"4":1,"5":1,"6":1},"f":{},"b":{"0":[1,1]},"_coverageSchema":"1a1c01bbd47fc00a2c39e90264f33305004495a9","hash":"6d956d31ee393442fefab5e88be2b44631638dc4"}
,"/home/timegorov/codefellows/code401/basic-api-server/src/routes/car.js": {"path":"/home/timegorov/codefellows/code401/basic-api-server/src/routes/car.js","statementMap":{"0":{"start":{"line":3,"column":16},"end":{"line":3,"column":34}},"1":{"start":{"line":5,"column":13},"end":{"line":5,"column":42}},"2":{"start":{"line":6,"column":15},"end":{"line":6,"column":31}},"3":{"start":{"line":10,"column":0},"end":{"line":10,"column":28}},"4":{"start":{"line":11,"column":0},"end":{"line":11,"column":27}},"5":{"start":{"line":12,"column":0},"end":{"line":12,"column":34}},"6":{"start":{"line":13,"column":0},"end":{"line":13,"column":34}},"7":{"start":{"line":14,"column":0},"end":{"line":14,"column":37}},"8":{"start":{"line":19,"column":20},"end":{"line":19,"column":32}},"9":{"start":{"line":20,"column":18},"end":{"line":20,"column":50}},"10":{"start":{"line":22,"column":2},"end":{"line":22,"column":37}},"11":{"start":{"line":26,"column":18},"end":{"line":26,"column":42}},"12":{"start":{"line":28,"column":2},"end":{"line":28,"column":36}},"13":{"start":{"line":32,"column":16},"end":{"line":32,"column":36}},"14":{"start":{"line":33,"column":20},"end":{"line":37,"column":4}},"15":{"start":{"line":39,"column":2},"end":{"line":39,"column":39}},"16":{"start":{"line":43,"column":16},"end":{"line":43,"column":36}},"17":{"start":{"line":44,"column":20},"end":{"line":44,"column":32}},"18":{"start":{"line":45,"column":18},"end":{"line":45,"column":66}},"19":{"start":{"line":46,"column":2},"end":{"line":46,"column":34}},"20":{"start":{"line":48,"column":2},"end":{"line":48,"column":37}},"21":{"start":{"line":52,"column":16},"end":{"line":52,"column":36}},"22":{"start":{"line":53,"column":2},"end":{"line":53,"column":51}},"23":{"start":{"line":55,"column":2},"end":{"line":55,"column":40}},"24":{"start":{"line":58,"column":0},"end":{"line":58,"column":24}}},"fnMap":{"0":{"name":"create","decl":{"start":{"line":18,"column":15},"end":{"line":18,"column":21}},"loc":{"start":{"line":18,"column":41},"end":{"line":23,"column":1}},"line":18},"1":{"name":"getAll","decl":{"start":{"line":25,"column":15},"end":{"line":25,"column":21}},"loc":{"start":{"line":25,"column":41},"end":{"line":29,"column":1}},"line":25},"2":{"name":"getOne","decl":{"start":{"line":31,"column":15},"end":{"line":31,"column":21}},"loc":{"start":{"line":31,"column":41},"end":{"line":40,"column":1}},"line":31},"3":{"name":"update","decl":{"start":{"line":42,"column":15},"end":{"line":42,"column":21}},"loc":{"start":{"line":42,"column":41},"end":{"line":49,"column":1}},"line":42},"4":{"name":"remove","decl":{"start":{"line":51,"column":15},"end":{"line":51,"column":21}},"loc":{"start":{"line":51,"column":41},"end":{"line":56,"column":1}},"line":51}},"branchMap":{},"s":{"0":1,"1":1,"2":1,"3":1,"4":1,"5":1,"6":1,"7":1,"8":1,"9":1,"10":1,"11":1,"12":1,"13":1,"14":1,"15":1,"16":1,"17":1,"18":1,"19":1,"20":1,"21":1,"22":1,"23":1,"24":1},"f":{"0":1,"1":1,"2":1,"3":1,"4":1},"b":{},"_coverageSchema":"1a1c01bbd47fc00a2c39e90264f33305004495a9","hash":"848e3705548493d03008a2fb50b0f5b6c03adb51"}
}
