TN:
SF:src/server.js
FN:18,(anonymous_0)
FN:19,(anonymous_1)
FNF:2
FNH:0
FNDA:0,(anonymous_0)
FNDA:0,(anonymous_1)
DA:3,1
DA:4,1
DA:5,1
DA:6,1
DA:8,1
DA:10,1
DA:11,1
DA:13,1
DA:14,1
DA:16,1
DA:19,0
LF:11
LH:10
BRF:0
BRH:0
end_of_record
TN:
SF:src/models/car.js
FN:3,(anonymous_0)
FNF:1
FNH:1
FNDA:1,(anonymous_0)
DA:3,1
DA:4,1
DA:16,1
LF:3
LH:3
BRF:0
BRH:0
end_of_record
TN:
SF:src/models/food.js
FN:3,(anonymous_0)
FNF:1
FNH:1
FNDA:1,(anonymous_0)
DA:3,1
DA:4,1
DA:16,1
LF:3
LH:3
BRF:0
BRH:0
end_of_record
TN:
SF:src/models/index.js
FNF:0
FNH:0
DA:3,1
DA:5,1
DA:7,1
DA:8,1
DA:9,1
DA:17,1
DA:26,1
DA:27,1
DA:29,1
LF:9
LH:9
BRDA:5,0,0,1
BRDA:5,0,1,1
BRF:2
BRH:2
end_of_record
TN:
SF:src/routes/car.js
FN:18,create
FN:25,getAll
FN:31,getOne
FN:42,update
FN:51,remove
FNF:5
FNH:5
FNDA:1,create
FNDA:1,getAll
FNDA:1,getOne
FNDA:1,update
FNDA:1,remove
DA:3,1
DA:5,1
DA:6,1
DA:10,1
DA:11,1
DA:12,1
DA:13,1
DA:14,1
DA:19,1
DA:20,1
DA:22,1
DA:26,1
DA:28,1
DA:32,1
DA:33,1
DA:39,1
DA:43,1
DA:44,1
DA:45,1
DA:46,1
DA:48,1
DA:52,1
DA:53,1
DA:55,1
DA:58,1
LF:25
LH:25
BRF:0
BRH:0
end_of_record
TN:
SF:src/routes/food.js
FN:18,create
FN:25,getAll
FN:31,getOne
FN:42,update
FN:51,remove
FNF:5
FNH:5
FNDA:1,create
FNDA:1,getAll
FNDA:1,getOne
FNDA:1,update
FNDA:1,remove
DA:3,1
DA:5,1
DA:6,1
DA:10,1
DA:11,1
DA:12,1
DA:13,1
DA:14,1
DA:19,1
DA:20,1
DA:22,1
DA:26,1
DA:28,1
DA:32,1
DA:33,1
DA:39,1
DA:43,1
DA:44,1
DA:45,1
DA:46,1
DA:48,1
DA:52,1
DA:53,1
DA:55,1
DA:58,1
LF:25
LH:25
BRF:0
BRH:0
end_of_record
